Using pre-set license
Built from '2020.3/staging' branch; Version is '2020.3.30f1 (1fb1bf06830e) revision 2077119'; Using compiler version '192528614'; Build Type 'Release'
OS: 'Windows 10  (10.0.19043) 64bit CoreSingleLanguage' Language: 'ru' Physical Memory: 11663 MB
BatchMode: 1, IsHumanControllingUs: 0, StartBugReporterOnCrash: 0, Is64bit: 1, IsPro: 0

COMMAND LINE ARGUMENTS:
C:\Program Files\Unity\Hub\Editor\2020.3.30f1\Editor\Unity.exe
-adb2
-batchMode
-noUpm
-name
AssetImportWorker6
-projectPath
C:/unityC/GB/StrategyLess5
-logFile
Logs/AssetImportWorker6.log
-srvPort
56998
Successfully changed project path to: C:/unityC/GB/StrategyLess5
C:/unityC/GB/StrategyLess5
Using Asset Import Pipeline V2.
Refreshing native plugins compatible for Editor in 816.30 ms, found 3 plugins.
Preloading 0 native plugins for Editor in 0.00 ms.
Initialize engine version: 2020.3.30f1 (1fb1bf06830e)
[Subsystems] Discovering subsystems at path C:/Program Files/Unity/Hub/Editor/2020.3.30f1/Editor/Data/Resources/UnitySubsystems
[Subsystems] Discovering subsystems at path C:/unityC/GB/StrategyLess5/Assets
GfxDevice: creating device client; threaded=0
Direct3D:
    Version:  Direct3D 11.0 [level 11.1]
    Renderer: AMD Radeon R5 Graphics (ID=0x9874)
    Vendor:   
    VRAM:     5831 MB
    Driver:   27.20.1034.6
Initialize mono
Mono path[0] = 'C:/Program Files/Unity/Hub/Editor/2020.3.30f1/Editor/Data/Managed'
Mono path[1] = 'C:/Program Files/Unity/Hub/Editor/2020.3.30f1/Editor/Data/MonoBleedingEdge/lib/mono/unityjit'
Mono config path = 'C:/Program Files/Unity/Hub/Editor/2020.3.30f1/Editor/Data/MonoBleedingEdge/etc'
Using monoOptions --debugger-agent=transport=dt_socket,embedding=1,server=y,suspend=n,address=127.0.0.1:56672
Begin MonoManager ReloadAssembly
Registering precompiled unity dll's ...
Register platform support module: C:/Program Files/Unity/Hub/Editor/2020.3.30f1/Editor/Data/PlaybackEngines/MacStandaloneSupport/UnityEditor.OSXStandalone.Extensions.dll
Register platform support module: C:/Program Files/Unity/Hub/Editor/2020.3.30f1/Editor/Data/PlaybackEngines/WindowsStandaloneSupport/UnityEditor.WindowsStandalone.Extensions.dll
Register platform support module: C:/Program Files/Unity/Hub/Editor/2020.3.30f1/Editor/Data/PlaybackEngines/LinuxStandaloneSupport/UnityEditor.LinuxStandalone.Extensions.dll
Registered in 0.033204 seconds.
Native extension for LinuxStandalone target not found
Native extension for WindowsStandalone target not found
Native extension for OSXStandalone target not found
Refreshing native plugins compatible for Editor in 745.67 ms, found 3 plugins.
Preloading 0 native plugins for Editor in 0.00 ms.
Mono: successfully reloaded assembly
- Completed reload, in  5.205 seconds
Domain Reload Profiling:
	ReloadAssembly (5206ms)
		BeginReloadAssembly (615ms)
			ExecutionOrderSort (0ms)
			DisableScriptedObjects (0ms)
			BackupInstance (0ms)
			ReleaseScriptingObjects (0ms)
			CreateAndSetChildDomain (3ms)
		EndReloadAssembly (3684ms)
			LoadAssemblies (607ms)
			RebuildTransferFunctionScriptingTraits (0ms)
			SetupTypeCache (897ms)
			ReleaseScriptCaches (0ms)
			RebuildScriptCaches (302ms)
			SetupLoadedEditorAssemblies (1577ms)
				LogAssemblyErrors (0ms)
				InitializePlatformSupportModulesInManaged (86ms)
				SetLoadedEditorAssemblies (4ms)
				RefreshPlugins (746ms)
				BeforeProcessingInitializeOnLoad (95ms)
				ProcessInitializeOnLoadAttributes (498ms)
				ProcessInitializeOnLoadMethodAttributes (146ms)
				AfterProcessingInitializeOnLoad (0ms)
				EditorAssembliesLoaded (1ms)
			ExecutionOrderSort2 (0ms)
			AwakeInstancesAfterBackupRestoration (0ms)
Platform modules already initialized, skipping
Registering precompiled user dll's ...
Registered in 0.048153 seconds.
Begin MonoManager ReloadAssembly
Symbol file LoadedFromMemory doesn't match image C:\unityC\GB\StrategyLess5\Library\PackageCache\com.unity.visualscripting@1.6.1\Editor\VisualScripting.Core\Dependencies\YamlDotNet\Unity.VisualScripting.YamlDotNet.dll
Symbol file LoadedFromMemory doesn't match image C:\unityC\GB\StrategyLess5\Library\PackageCache\com.unity.visualscripting@1.6.1\Editor\VisualScripting.Core\Dependencies\DotNetZip\Unity.VisualScripting.IonicZip.dll
Native extension for LinuxStandalone target not found
Native extension for WindowsStandalone target not found
Native extension for OSXStandalone target not found
Refreshing native plugins compatible for Editor in 2.13 ms, found 3 plugins.
Preloading 0 native plugins for Editor in 0.00 ms.
Mono: successfully reloaded assembly
- Completed reload, in  5.149 seconds
Domain Reload Profiling:
	ReloadAssembly (5156ms)
		BeginReloadAssembly (526ms)
			ExecutionOrderSort (0ms)
			DisableScriptedObjects (16ms)
			BackupInstance (0ms)
			ReleaseScriptingObjects (0ms)
			CreateAndSetChildDomain (55ms)
		EndReloadAssembly (4420ms)
			LoadAssemblies (657ms)
			RebuildTransferFunctionScriptingTraits (0ms)
			SetupTypeCache (1314ms)
			ReleaseScriptCaches (2ms)
			RebuildScriptCaches (197ms)
			SetupLoadedEditorAssemblies (1980ms)
				LogAssemblyErrors (0ms)
				InitializePlatformSupportModulesInManaged (25ms)
				SetLoadedEditorAssemblies (2ms)
				RefreshPlugins (2ms)
				BeforeProcessingInitializeOnLoad (352ms)
				ProcessInitializeOnLoadAttributes (1559ms)
				ProcessInitializeOnLoadMethodAttributes (14ms)
				AfterProcessingInitializeOnLoad (25ms)
				EditorAssembliesLoaded (1ms)
			ExecutionOrderSort2 (0ms)
			AwakeInstancesAfterBackupRestoration (26ms)
Platform modules already initialized, skipping
========================================================================
Worker process is ready to serve import requests
Launched and connected shader compiler UnityShaderCompiler.exe after 0.31 seconds
Refreshing native plugins compatible for Editor in 3.55 ms, found 3 plugins.
Preloading 0 native plugins for Editor in 0.00 ms.
Unloading 3876 Unused Serialized files (Serialized files now loaded: 0)
System memory in use before: 140.4 MB.
System memory in use after: 140.6 MB.

Unloading 27 unused Assets to reduce memory usage. Loaded Objects now: 4302.
Total: 16.724900 ms (FindLiveObjects: 2.458100 ms CreateObjectMapping: 1.155200 ms MarkObjects: 12.779000 ms  DeleteObjects: 0.328700 ms)

AssetImportParameters requested are different than current active one (requested -> active):
  custom:framework-win-MediaFoundation: 216162199b28c13a410421893ffa2e32 -> 
  custom:video-decoder-ogg-theora: a1e56fd34408186e4bbccfd4996cb3dc -> 
  custom:container-muxer-webm: aa71ff27fc2769a1b78a27578f13a17b -> 
  custom:container-demuxer-webm: 4f35f7cbe854078d1ac9338744f61a02 -> 
  custom:container-demuxer-ogg: 62fdf1f143b41e24485cea50d1cbac27 -> 
  custom:video-encoder-webm-vp8: eb34c28f22e8b96e1ab97ce403110664 -> 
  custom:video-decoder-webm-vp8: 9c59270c3fd7afecdb556c50c9e8de78 -> 
  custom:audio-decoder-ogg-vorbis: bf7c407c2cedff20999df2af8eb42d56 -> 
  custom:audio-encoder-webm-vorbis: bf7c407c2cedff20999df2af8eb42d56 -> 
========================================================================
Received Import Request.
  path: Assets/Scripts/Abstractions/ITimeModel.cs
  artifactKey: Guid(925575f08ee74d36bfc63905445677a4) Importer(815301076,1909f56bfc062723c751e8b465ee728b)
Start importing Assets/Scripts/Abstractions/ITimeModel.cs using Guid(925575f08ee74d36bfc63905445677a4) Importer(815301076,1909f56bfc062723c751e8b465ee728b)  -> (artifact id: '7fd1c502709665b01bdb7117c9a10571') in 0.130606 seconds 
========================================================================
Received Import Request.
  Time since last request: 0.000596 seconds.
  path: Assets/Scripts/Abstractions/Commands/CommandsInterfaces
  artifactKey: Guid(8e884dbc37ff4f749fe31c4db9cc0086) Importer(815301076,1909f56bfc062723c751e8b465ee728b)
Start importing Assets/Scripts/Abstractions/Commands/CommandsInterfaces using Guid(8e884dbc37ff4f749fe31c4db9cc0086) Importer(815301076,1909f56bfc062723c751e8b465ee728b)  -> (artifact id: '2aefd9be893f49b74e74704ec37fe07d') in 0.020367 seconds 
========================================================================
Received Import Request.
  Time since last request: 3720.169128 seconds.
  path: Assets/ScriptableObject/AssetsContext.asset
  artifactKey: Guid(9b722f212be4657489da1141c6eb6c44) Importer(815301076,1909f56bfc062723c751e8b465ee728b)
Start importing Assets/ScriptableObject/AssetsContext.asset using Guid(9b722f212be4657489da1141c6eb6c44) Importer(815301076,1909f56bfc062723c751e8b465ee728b)  -> (artifact id: '3cc38c10b0666f468a605c33bfcbb9fd') in 0.242002 seconds 
========================================================================
Received Import Request.
  Time since last request: 0.002493 seconds.
  path: Assets/ScriptableObject/Vector3Value.asset
  artifactKey: Guid(2b897e41a5c34e9419c18e2f8d7cd113) Importer(815301076,1909f56bfc062723c751e8b465ee728b)
Start importing Assets/ScriptableObject/Vector3Value.asset using Guid(2b897e41a5c34e9419c18e2f8d7cd113) Importer(815301076,1909f56bfc062723c751e8b465ee728b)  -> (artifact id: 'ef112c77fb65d18d3369cae53e9c2ec1') in 0.120120 seconds 
========================================================================
Received Import Request.
  Time since last request: 0.000793 seconds.
  path: Assets/ScriptableObject/SelectableValue.asset
  artifactKey: Guid(7141aae4b16134e49af0215b6da77bcf) Importer(815301076,1909f56bfc062723c751e8b465ee728b)
Start importing Assets/ScriptableObject/SelectableValue.asset using Guid(7141aae4b16134e49af0215b6da77bcf) Importer(815301076,1909f56bfc062723c751e8b465ee728b)  -> (artifact id: 'a8ee53ac8d2851b48d756d4a283c095c') in 0.016064 seconds 
========================================================================
Received Import Request.
  Time since last request: 0.000683 seconds.
  path: Assets/ScriptableObject/AssetsInstaller.asset
  artifactKey: Guid(ed25cccb7d94c194fb3acd6d26049cc2) Importer(815301076,1909f56bfc062723c751e8b465ee728b)
Start importing Assets/ScriptableObject/AssetsInstaller.asset using Guid(ed25cccb7d94c194fb3acd6d26049cc2) Importer(815301076,1909f56bfc062723c751e8b465ee728b)  -> (artifact id: 'd7d4ffce8b5761de401134ce969d4b0a') in 0.062881 seconds 
========================================================================
Received Import Request.
  Time since last request: 0.000868 seconds.
  path: Assets/ScriptableObject/AttackableValue.asset
  artifactKey: Guid(0941b92e6598c6845b47fb9ac34c687a) Importer(815301076,1909f56bfc062723c751e8b465ee728b)
Start importing Assets/ScriptableObject/AttackableValue.asset using Guid(0941b92e6598c6845b47fb9ac34c687a) Importer(815301076,1909f56bfc062723c751e8b465ee728b)  -> (artifact id: 'f5f929d217c570f2e734a8d0f44f6b86') in 0.032981 seconds 
========================================================================
Received Import Request.
  Time since last request: 30.785333 seconds.
  path: Assets/Scripts/Abstractions/ScriptableObjectValueBase.cs
  artifactKey: Guid(cfed869165ae46c3af5394d25e628944) Importer(815301076,1909f56bfc062723c751e8b465ee728b)
Start importing Assets/Scripts/Abstractions/ScriptableObjectValueBase.cs using Guid(cfed869165ae46c3af5394d25e628944) Importer(815301076,1909f56bfc062723c751e8b465ee728b)  -> (artifact id: '6c107dd274b1119e7a4402460cd78e09') in 0.056101 seconds 
========================================================================
Received Import Request.
  Time since last request: 1184.723240 seconds.
  path: Assets/Scripts/Abstractions/ScriptableObjectValueBase.cs
  artifactKey: Guid(cfed869165ae46c3af5394d25e628944) Importer(815301076,1909f56bfc062723c751e8b465ee728b)
Start importing Assets/Scripts/Abstractions/ScriptableObjectValueBase.cs using Guid(cfed869165ae46c3af5394d25e628944) Importer(815301076,1909f56bfc062723c751e8b465ee728b)  -> (artifact id: '17a550e901eff008fa954a130db9948c') in 0.016264 seconds 
========================================================================
Received Import Request.
  Time since last request: 95.206653 seconds.
  path: Assets/Scripts/Abstractions/ScriptableObjectValueBase.cs
  artifactKey: Guid(cfed869165ae46c3af5394d25e628944) Importer(815301076,1909f56bfc062723c751e8b465ee728b)
Start importing Assets/Scripts/Abstractions/ScriptableObjectValueBase.cs using Guid(cfed869165ae46c3af5394d25e628944) Importer(815301076,1909f56bfc062723c751e8b465ee728b)  -> (artifact id: 'da6c02e0721fd88c0d8d77c61b9b2eb3') in 0.010060 seconds 
========================================================================
Received Prepare
Registering precompiled user dll's ...
Registered in 0.049599 seconds.
Begin MonoManager ReloadAssembly
Symbol file LoadedFromMemory doesn't match image C:\unityC\GB\StrategyLess5\Library\PackageCache\com.unity.visualscripting@1.6.1\Editor\VisualScripting.Core\Dependencies\YamlDotNet\Unity.VisualScripting.YamlDotNet.dll
Symbol file LoadedFromMemory doesn't match image C:\unityC\GB\StrategyLess5\Library\PackageCache\com.unity.visualscripting@1.6.1\Editor\VisualScripting.Core\Dependencies\DotNetZip\Unity.VisualScripting.IonicZip.dll
Native extension for LinuxStandalone target not found
Native extension for WindowsStandalone target not found
Native extension for OSXStandalone target not found
Refreshing native plugins compatible for Editor in 2.28 ms, found 3 plugins.
Preloading 0 native plugins for Editor in 0.00 ms.
Mono: successfully reloaded assembly
- Completed reload, in  9.555 seconds
Domain Reload Profiling:
	ReloadAssembly (9691ms)
		BeginReloadAssembly (2117ms)
			ExecutionOrderSort (5ms)
			DisableScriptedObjects (263ms)
			BackupInstance (0ms)
			ReleaseScriptingObjects (0ms)
			CreateAndSetChildDomain (1069ms)
		EndReloadAssembly (7135ms)
			LoadAssemblies (724ms)
			RebuildTransferFunctionScriptingTraits (0ms)
			SetupTypeCache (1814ms)
			ReleaseScriptCaches (4ms)
			RebuildScriptCaches (202ms)
			SetupLoadedEditorAssemblies (4118ms)
				LogAssemblyErrors (0ms)
				InitializePlatformSupportModulesInManaged (43ms)
				SetLoadedEditorAssemblies (12ms)
				RefreshPlugins (2ms)
				BeforeProcessingInitializeOnLoad (472ms)
				ProcessInitializeOnLoadAttributes (3524ms)
				ProcessInitializeOnLoadMethodAttributes (21ms)
				AfterProcessingInitializeOnLoad (40ms)
				EditorAssembliesLoaded (2ms)
			ExecutionOrderSort2 (0ms)
			AwakeInstancesAfterBackupRestoration (42ms)
Platform modules already initialized, skipping
Refreshing native plugins compatible for Editor in 2.65 ms, found 3 plugins.
Preloading 0 native plugins for Editor in 0.00 ms.
Unloading 3841 Unused Serialized files (Serialized files now loaded: 0)
System memory in use before: 137.4 MB.
System memory in use after: 137.6 MB.

Unloading 22 unused Assets to reduce memory usage. Loaded Objects now: 4304.
Total: 29.637400 ms (FindLiveObjects: 1.210800 ms CreateObjectMapping: 0.898000 ms MarkObjects: 27.398900 ms  DeleteObjects: 0.125000 ms)

AssetImportParameters requested are different than current active one (requested -> active):
  custom:framework-win-MediaFoundation: 216162199b28c13a410421893ffa2e32 -> 
  custom:video-decoder-ogg-theora: a1e56fd34408186e4bbccfd4996cb3dc -> 
  custom:container-muxer-webm: aa71ff27fc2769a1b78a27578f13a17b -> 
  custom:container-demuxer-webm: 4f35f7cbe854078d1ac9338744f61a02 -> 
  custom:container-demuxer-ogg: 62fdf1f143b41e24485cea50d1cbac27 -> 
  custom:video-encoder-webm-vp8: eb34c28f22e8b96e1ab97ce403110664 -> 
  custom:video-decoder-webm-vp8: 9c59270c3fd7afecdb556c50c9e8de78 -> 
  custom:audio-decoder-ogg-vorbis: bf7c407c2cedff20999df2af8eb42d56 -> 
  custom:audio-encoder-webm-vorbis: bf7c407c2cedff20999df2af8eb42d56 -> 
========================================================================
Received Prepare
Registering precompiled user dll's ...
Registered in 0.028177 seconds.
Begin MonoManager ReloadAssembly
Symbol file LoadedFromMemory doesn't match image C:\unityC\GB\StrategyLess5\Library\PackageCache\com.unity.visualscripting@1.6.1\Editor\VisualScripting.Core\Dependencies\YamlDotNet\Unity.VisualScripting.YamlDotNet.dll
Symbol file LoadedFromMemory doesn't match image C:\unityC\GB\StrategyLess5\Library\PackageCache\com.unity.visualscripting@1.6.1\Editor\VisualScripting.Core\Dependencies\DotNetZip\Unity.VisualScripting.IonicZip.dll
Native extension for LinuxStandalone target not found
Native extension for WindowsStandalone target not found
Native extension for OSXStandalone target not found
Refreshing native plugins compatible for Editor in 2.69 ms, found 3 plugins.
Preloading 0 native plugins for Editor in 0.00 ms.
Mono: successfully reloaded assembly
- Completed reload, in 14.046 seconds
Domain Reload Profiling:
	ReloadAssembly (14047ms)
		BeginReloadAssembly (504ms)
			ExecutionOrderSort (0ms)
			DisableScriptedObjects (16ms)
			BackupInstance (0ms)
			ReleaseScriptingObjects (0ms)
			CreateAndSetChildDomain (121ms)
		EndReloadAssembly (13232ms)
			LoadAssemblies (563ms)
			RebuildTransferFunctionScriptingTraits (0ms)
			SetupTypeCache (4056ms)
			ReleaseScriptCaches (4ms)
			RebuildScriptCaches (340ms)
			SetupLoadedEditorAssemblies (7196ms)
				LogAssemblyErrors (0ms)
				InitializePlatformSupportModulesInManaged (44ms)
				SetLoadedEditorAssemblies (4ms)
				RefreshPlugins (4ms)
				BeforeProcessingInitializeOnLoad (1111ms)
				ProcessInitializeOnLoadAttributes (5953ms)
				ProcessInitializeOnLoadMethodAttributes (20ms)
				AfterProcessingInitializeOnLoad (58ms)
				EditorAssembliesLoaded (1ms)
			ExecutionOrderSort2 (0ms)
			AwakeInstancesAfterBackupRestoration (100ms)
Platform modules already initialized, skipping
Refreshing native plugins compatible for Editor in 3.09 ms, found 3 plugins.
Preloading 0 native plugins for Editor in 0.00 ms.
Unloading 3841 Unused Serialized files (Serialized files now loaded: 0)
System memory in use before: 137.4 MB.
System memory in use after: 137.7 MB.

Unloading 22 unused Assets to reduce memory usage. Loaded Objects now: 4306.
Total: 18.985500 ms (FindLiveObjects: 1.413800 ms CreateObjectMapping: 0.670500 ms MarkObjects: 16.761200 ms  DeleteObjects: 0.136100 ms)

AssetImportParameters requested are different than current active one (requested -> active):
  custom:framework-win-MediaFoundation: 216162199b28c13a410421893ffa2e32 -> 
  custom:video-decoder-ogg-theora: a1e56fd34408186e4bbccfd4996cb3dc -> 
  custom:container-muxer-webm: aa71ff27fc2769a1b78a27578f13a17b -> 
  custom:container-demuxer-webm: 4f35f7cbe854078d1ac9338744f61a02 -> 
  custom:container-demuxer-ogg: 62fdf1f143b41e24485cea50d1cbac27 -> 
  custom:video-encoder-webm-vp8: eb34c28f22e8b96e1ab97ce403110664 -> 
  custom:video-decoder-webm-vp8: 9c59270c3fd7afecdb556c50c9e8de78 -> 
  custom:audio-decoder-ogg-vorbis: bf7c407c2cedff20999df2af8eb42d56 -> 
  custom:audio-encoder-webm-vorbis: bf7c407c2cedff20999df2af8eb42d56 -> 
========================================================================
Received Prepare
Registering precompiled user dll's ...
Registered in 0.113407 seconds.
Begin MonoManager ReloadAssembly
Symbol file LoadedFromMemory doesn't match image C:\unityC\GB\StrategyLess5\Library\PackageCache\com.unity.visualscripting@1.6.1\Editor\VisualScripting.Core\Dependencies\YamlDotNet\Unity.VisualScripting.YamlDotNet.dll
Symbol file LoadedFromMemory doesn't match image C:\unityC\GB\StrategyLess5\Library\PackageCache\com.unity.visualscripting@1.6.1\Editor\VisualScripting.Core\Dependencies\DotNetZip\Unity.VisualScripting.IonicZip.dll
Native extension for LinuxStandalone target not found
Native extension for WindowsStandalone target not found
Native extension for OSXStandalone target not found
Refreshing native plugins compatible for Editor in 9.68 ms, found 3 plugins.
Preloading 0 native plugins for Editor in 0.00 ms.
Mono: successfully reloaded assembly
- Completed reload, in 29.759 seconds
Domain Reload Profiling:
	ReloadAssembly (29761ms)
		BeginReloadAssembly (610ms)
			ExecutionOrderSort (0ms)
			DisableScriptedObjects (17ms)
			BackupInstance (0ms)
			ReleaseScriptingObjects (0ms)
			CreateAndSetChildDomain (250ms)
		EndReloadAssembly (25944ms)
			LoadAssemblies (9105ms)
			RebuildTransferFunctionScriptingTraits (0ms)
			SetupTypeCache (6975ms)
			ReleaseScriptCaches (5ms)
			RebuildScriptCaches (3743ms)
			SetupLoadedEditorAssemblies (2828ms)
				LogAssemblyErrors (0ms)
				InitializePlatformSupportModulesInManaged (52ms)
				SetLoadedEditorAssemblies (7ms)
				RefreshPlugins (10ms)
				BeforeProcessingInitializeOnLoad (1018ms)
				ProcessInitializeOnLoadAttributes (1679ms)
				ProcessInitializeOnLoadMethodAttributes (22ms)
				AfterProcessingInitializeOnLoad (39ms)
				EditorAssembliesLoaded (1ms)
			ExecutionOrderSort2 (0ms)
			AwakeInstancesAfterBackupRestoration (32ms)
Platform modules already initialized, skipping
Refreshing native plugins compatible for Editor in 3.07 ms, found 3 plugins.
Preloading 0 native plugins for Editor in 0.00 ms.
Unloading 3841 Unused Serialized files (Serialized files now loaded: 0)
System memory in use before: 137.5 MB.
System memory in use after: 137.7 MB.

Unloading 22 unused Assets to reduce memory usage. Loaded Objects now: 4308.
Total: 16.156900 ms (FindLiveObjects: 1.028700 ms CreateObjectMapping: 0.778700 ms MarkObjects: 14.130600 ms  DeleteObjects: 0.214400 ms)

AssetImportParameters requested are different than current active one (requested -> active):
  custom:framework-win-MediaFoundation: 216162199b28c13a410421893ffa2e32 -> 
  custom:video-decoder-ogg-theora: a1e56fd34408186e4bbccfd4996cb3dc -> 
  custom:container-muxer-webm: aa71ff27fc2769a1b78a27578f13a17b -> 
  custom:container-demuxer-webm: 4f35f7cbe854078d1ac9338744f61a02 -> 
  custom:container-demuxer-ogg: 62fdf1f143b41e24485cea50d1cbac27 -> 
  custom:video-encoder-webm-vp8: eb34c28f22e8b96e1ab97ce403110664 -> 
  custom:video-decoder-webm-vp8: 9c59270c3fd7afecdb556c50c9e8de78 -> 
  custom:audio-decoder-ogg-vorbis: bf7c407c2cedff20999df2af8eb42d56 -> 
  custom:audio-encoder-webm-vorbis: bf7c407c2cedff20999df2af8eb42d56 -> 
AssetImportWorkerClient::OnTransportError - code=2 error=End of file
